Build started 12/1/2014 5:02:24 PM.
     1>Project "C:\Users\costas\Desktop\costas code\ConsoleApplication5.c\ConsoleApplication5.c\ConsoleApplication5.c.vcxproj" on node 2 (Build target(s)).
     1>ClCompile:
         C:\Program Files (x86)\Microsoft Visual Studio 11.0\VC\bin\CL.exe /c /ZI /nologo /W3 /WX- /Od /Oy- /D WIN32 /D _DEBUG /D _CONSOLE /D _UNICODE /D UNICODE /Gm /EHsc /RTC1 /MDd /GS /fp:precise /Zc:wchar_t /Zc:forScope /Fo"Debug\\" /Fd"Debug\vc110.pdb" /Gd /TC /analyze- /errorReport:prompt Source.c
         Source.c
     1>c:\users\costas\desktop\costas code\consoleapplication5.c\consoleapplication5.c\source.c(897): warning C4996: 'fopen': This function or variable may be unsafe. Consider using fopen_s instead. To disable deprecation, use _CRT_SECURE_NO_WARNINGS. See online help for details.
                 c:\program files (x86)\microsoft visual studio 11.0\vc\include\stdio.h(218) : see declaration of 'fopen'
     1>c:\users\costas\desktop\costas code\consoleapplication5.c\consoleapplication5.c\source.c(898): warning C4996: 'fopen': This function or variable may be unsafe. Consider using fopen_s instead. To disable deprecation, use _CRT_SECURE_NO_WARNINGS. See online help for details.
                 c:\program files (x86)\microsoft visual studio 11.0\vc\include\stdio.h(218) : see declaration of 'fopen'
     1>c:\users\costas\desktop\costas code\consoleapplication5.c\consoleapplication5.c\source.c(899): warning C4996: 'fopen': This function or variable may be unsafe. Consider using fopen_s instead. To disable deprecation, use _CRT_SECURE_NO_WARNINGS. See online help for details.
                 c:\program files (x86)\microsoft visual studio 11.0\vc\include\stdio.h(218) : see declaration of 'fopen'
     1>c:\users\costas\desktop\costas code\consoleapplication5.c\consoleapplication5.c\source.c(901): warning C4996: 'fopen': This function or variable may be unsafe. Consider using fopen_s instead. To disable deprecation, use _CRT_SECURE_NO_WARNINGS. See online help for details.
                 c:\program files (x86)\microsoft visual studio 11.0\vc\include\stdio.h(218) : see declaration of 'fopen'
     1>c:\users\costas\desktop\costas code\consoleapplication5.c\consoleapplication5.c\source.c(903): warning C4996: 'fopen': This function or variable may be unsafe. Consider using fopen_s instead. To disable deprecation, use _CRT_SECURE_NO_WARNINGS. See online help for details.
                 c:\program files (x86)\microsoft visual studio 11.0\vc\include\stdio.h(218) : see declaration of 'fopen'
     1>c:\users\costas\desktop\costas code\consoleapplication5.c\consoleapplication5.c\source.c(920): warning C4996: 'scanf': This function or variable may be unsafe. Consider using scanf_s instead. To disable deprecation, use _CRT_SECURE_NO_WARNINGS. See online help for details.
                 c:\program files (x86)\microsoft visual studio 11.0\vc\include\stdio.h(290) : see declaration of 'scanf'
       Link:
         C:\Program Files (x86)\Microsoft Visual Studio 11.0\VC\bin\link.exe /ERRORREPORT:PROMPT /OUT:"C:\Users\costas\Desktop\costas code\ConsoleApplication5.c\Debug\ConsoleApplication5.c.exe" /INCREMENTAL /NOLOGO kernel32.lib user32.lib gdi32.lib winspool.lib comdlg32.lib advapi32.lib shell32.lib ole32.lib oleaut32.lib uuid.lib odbc32.lib odbccp32.lib /MANIFEST /MANIFESTUAC:"level='asInvoker' uiAccess='false'" /manifest:embed /DEBUG /PDB:"C:\Users\costas\Desktop\costas code\ConsoleApplication5.c\Debug\ConsoleApplication5.c.pdb" /SUBSYSTEM:CONSOLE /TLBID:1 /DYNAMICBASE /NXCOMPAT /IMPLIB:"C:\Users\costas\Desktop\costas code\ConsoleApplication5.c\Debug\ConsoleApplication5.c.lib" /MACHINE:X86 Debug\Source.obj
         ConsoleApplication5.c.vcxproj -> C:\Users\costas\Desktop\costas code\ConsoleApplication5.c\Debug\ConsoleApplication5.c.exe
     1>Done Building Project "C:\Users\costas\Desktop\costas code\ConsoleApplication5.c\ConsoleApplication5.c\ConsoleApplication5.c.vcxproj" (Build target(s)).

Build succeeded.

Time Elapsed 00:00:00.62
