C:\USERS\COSTAS\DESKTOP\COSTAS CODE\CONSOLEAPPLICATION5.C\CONSOLEAPPLICATION5.C\DEBUG\SOURCE.OBJ
C:\USERS\COSTAS\DESKTOP\COSTAS CODE\CONSOLEAPPLICATION5.C\CONSOLEAPPLICATION5.C\DEBUG\VC110.PDB
C:\USERS\COSTAS\DESKTOP\COSTAS CODE\CONSOLEAPPLICATION5.C\DEBUG\CONSOLEAPPLICATION5.C.ILK
C:\USERS\COSTAS\DESKTOP\COSTAS CODE\CONSOLEAPPLICATION5.C\DEBUG\CONSOLEAPPLICATION5.C.EXE
C:\USERS\COSTAS\DESKTOP\COSTAS CODE\CONSOLEAPPLICATION5.C\DEBUG\CONSOLEAPPLICATION5.C.PDB
C:\Users\costas\Desktop\costas code\ConsoleApplication5.c\ConsoleApplication5.c\Debug\Source.obj
C:\Users\costas\Desktop\costas code\ConsoleApplication5.c\ConsoleApplication5.c\Debug\cl.command.1.tlog
C:\Users\costas\Desktop\costas code\ConsoleApplication5.c\ConsoleApplication5.c\Debug\CL.read.1.tlog
C:\Users\costas\Desktop\costas code\ConsoleApplication5.c\ConsoleApplication5.c\Debug\CL.write.1.tlog
C:\Users\costas\Desktop\costas code\ConsoleApplication5.c\ConsoleApplication5.c\Debug\link-cvtres.read.1.tlog
C:\Users\costas\Desktop\costas code\ConsoleApplication5.c\ConsoleApplication5.c\Debug\link-cvtres.write.1.tlog
C:\Users\costas\Desktop\costas code\ConsoleApplication5.c\ConsoleApplication5.c\Debug\link-rc.read.1.tlog
C:\Users\costas\Desktop\costas code\ConsoleApplication5.c\ConsoleApplication5.c\Debug\link-rc.write.1.tlog
C:\Users\costas\Desktop\costas code\ConsoleApplication5.c\ConsoleApplication5.c\Debug\link.command.1.tlog
C:\Users\costas\Desktop\costas code\ConsoleApplication5.c\ConsoleApplication5.c\Debug\link.read.1.tlog
C:\Users\costas\Desktop\costas code\ConsoleApplication5.c\ConsoleApplication5.c\Debug\link.write.1.tlog
C:\Users\costas\Desktop\costas code\ConsoleApplication5.c\ConsoleApplication5.c\Debug\vc110.idb
C:\Users\costas\Desktop\costas code\ConsoleApplication5.c\ConsoleApplication5.c\Debug\vc110.pdb
C:\Users\costas\Desktop\costas code\ConsoleApplication5.c\Debug\ConsoleApplication5.c.pdb
C:\Users\costas\Desktop\costas code\ConsoleApplication5.c\Debug\ConsoleApplication5.c.exe
C:\Users\costas\Desktop\costas code\ConsoleApplication5.c\Debug\ConsoleApplication5.c.ilk
