C:\USERS\COSTAS\DESKTOP\COSTAS CODE\CONSOLEAPPLICATION1\CONSOLEAPPLICATION1\DEBUG\SOURCE.OBJ
C:\USERS\COSTAS\DESKTOP\COSTAS CODE\CONSOLEAPPLICATION1\CONSOLEAPPLICATION1\DEBUG\VC110.PDB
C:\USERS\COSTAS\DESKTOP\COSTAS CODE\CONSOLEAPPLICATION1\DEBUG\CONSOLEAPPLICATION1.ILK
C:\USERS\COSTAS\DESKTOP\COSTAS CODE\CONSOLEAPPLICATION1\DEBUG\CONSOLEAPPLICATION1.EXE
C:\USERS\COSTAS\DESKTOP\COSTAS CODE\CONSOLEAPPLICATION1\DEBUG\CONSOLEAPPLICATION1.PDB
C:\Users\costas\Desktop\costas code\ConsoleApplication1\ConsoleApplication1\Debug\Source.obj
C:\Users\costas\Desktop\costas code\ConsoleApplication1\ConsoleApplication1\Debug\cl.command.1.tlog
C:\Users\costas\Desktop\costas code\ConsoleApplication1\ConsoleApplication1\Debug\CL.read.1.tlog
C:\Users\costas\Desktop\costas code\ConsoleApplication1\ConsoleApplication1\Debug\CL.write.1.tlog
C:\Users\costas\Desktop\costas code\ConsoleApplication1\ConsoleApplication1\Debug\link-cvtres.read.1.tlog
C:\Users\costas\Desktop\costas code\ConsoleApplication1\ConsoleApplication1\Debug\link-cvtres.write.1.tlog
C:\Users\costas\Desktop\costas code\ConsoleApplication1\ConsoleApplication1\Debug\link-rc.read.1.tlog
C:\Users\costas\Desktop\costas code\ConsoleApplication1\ConsoleApplication1\Debug\link-rc.write.1.tlog
C:\Users\costas\Desktop\costas code\ConsoleApplication1\ConsoleApplication1\Debug\link.command.1.tlog
C:\Users\costas\Desktop\costas code\ConsoleApplication1\ConsoleApplication1\Debug\link.read.1.tlog
C:\Users\costas\Desktop\costas code\ConsoleApplication1\ConsoleApplication1\Debug\link.write.1.tlog
C:\Users\costas\Desktop\costas code\ConsoleApplication1\ConsoleApplication1\Debug\vc110.idb
C:\Users\costas\Desktop\costas code\ConsoleApplication1\ConsoleApplication1\Debug\vc110.pdb
C:\Users\costas\Desktop\costas code\ConsoleApplication1\Debug\ConsoleApplication1.pdb
C:\Users\costas\Desktop\costas code\ConsoleApplication1\Debug\ConsoleApplication1.exe
C:\Users\costas\Desktop\costas code\ConsoleApplication1\Debug\ConsoleApplication1.ilk
